<?xml version="1.0" encoding="UTF-8"?>
<testsuite xmlns:xsi="http://www.w3.org/2001/XMLSchema-instance" xsi:noNamespaceSchemaLocation="https://maven.apache.org/surefire/maven-surefire-plugin/xsd/surefire-test-report.xsd" name="TestSuite" time="4.724" tests="3" errors="0" skipped="1" failures="2">
  <properties>
[...]
</properties>
  <testcase name="setUp" classname="Test.E2E_Forms_HEL_Funnel" time="3.596">
    <failure message="session not created: This version of ChromeDriver only supports Chrome version 114&#10;Current browser version is 124.0.6367.207 with binary path C:\Program Files (x86)\Google\Chrome\Application\chrome.exe&#10;Build info: version: &apos;3.141.59&apos;, revision: &apos;e82be7d358&apos;, time: &apos;2018-11-14T08:17:03&apos;&#10;System info: host: &apos;MSDT083&apos;, ip: &apos;192.168.56.1&apos;, os.name: &apos;Windows 10&apos;, os.arch: &apos;amd64&apos;, os.version: &apos;10.0&apos;, java.version: &apos;17.0.8&apos;&#10;Driver info: driver.version: ChromeDriver&#10;remote stacktrace: Backtrace:&#10;	GetHandleVerifier [0x00A6A813+48355]&#10;	(No symbol) [0x009FC4B1]&#10;	(No symbol) [0x00905358]&#10;	(No symbol) [0x009261AC]&#10;	(No symbol) [0x00921EF3]&#10;	(No symbol) [0x00920579]&#10;	(No symbol) [0x00950C55]&#10;	(No symbol) [0x0095093C]&#10;	(No symbol) [0x0094A536]&#10;	(No symbol) [0x009282DC]&#10;	(No symbol) [0x009293DD]&#10;	GetHandleVerifier [0x00CCAABD+2539405]&#10;	GetHandleVerifier [0x00D0A78F+2800735]&#10;	GetHandleVerifier [0x00D0456C+2775612]&#10;	GetHandleVerifier [0x00AF51E0+616112]&#10;	(No symbol) [0x00A05F8C]&#10;	(No symbol) [0x00A02328]&#10;	(No symbol) [0x00A0240B]&#10;	(No symbol) [0x009F4FF7]&#10;	BaseThreadInitThunk [0x765CFCC9+25]&#10;	RtlGetAppContainerNamedObjectPath [0x77817C6E+286]&#10;	RtlGetAppContainerNamedObjectPath [0x77817C3E+238]&#10;" type="org.openqa.selenium.SessionNotCreatedException">org.openqa.selenium.SessionNotCreatedException: 
session not created: This version of ChromeDriver only supports Chrome version 114
Current browser version is 124.0.6367.207 with binary path C:\Program Files (x86)\Google\Chrome\Application\chrome.exe
Build info: version: '3.141.59', revision: 'e82be7d358', time: '2018-11-14T08:17:03'
System info: host: 'MSDT083', ip: '192.168.56.1', os.name: 'Windows 10', os.arch: 'amd64', os.version: '10.0', java.version: '17.0.8'
Driver info: driver.version: ChromeDriver
remote stacktrace: Backtrace:
	GetHandleVerifier [0x00A6A813+48355]
	(No symbol) [0x009FC4B1]
	(No symbol) [0x00905358]
	(No symbol) [0x009261AC]
	(No symbol) [0x00921EF3]
	(No symbol) [0x00920579]
	(No symbol) [0x00950C55]
	(No symbol) [0x0095093C]
	(No symbol) [0x0094A536]
	(No symbol) [0x009282DC]
	(No symbol) [0x009293DD]
	GetHandleVerifier [0x00CCAABD+2539405]
	GetHandleVerifier [0x00D0A78F+2800735]
	GetHandleVerifier [0x00D0456C+2775612]
	GetHandleVerifier [0x00AF51E0+616112]
	(No symbol) [0x00A05F8C]
	(No symbol) [0x00A02328]
	(No symbol) [0x00A0240B]
	(No symbol) [0x009F4FF7]
	BaseThreadInitThunk [0x765CFCC9+25]
	RtlGetAppContainerNamedObjectPath [0x77817C6E+286]
	RtlGetAppContainerNamedObjectPath [0x77817C3E+238]

</failure>
    <system-err><![CDATA[SLF4J: No SLF4J providers were found.
SLF4J: Defaulting to no-operation (NOP) logger implementation
SLF4J: See https://www.slf4j.org/codes.html#noProviders for further details.
Starting ChromeDriver 114.0.5735.90 (386bc09e8f4f2e025eddae123f36f6263096ae49-refs/branch-heads/5735@{#1052}) on port 26429
Only local connections are allowed.
Please see https://chromedriver.chromium.org/security-considerations for suggestions on keeping ChromeDriver safe.
ChromeDriver was started successfully.
]]></system-err>
  </testcase>
  <testcase name="login" classname="Test.E2E_Forms_HEL_Funnel" time="4.457">
    <failure message="&#10;[public void Test.E2E_Forms_HEL_Funnel.login(java.lang.String,java.lang.String,int,int) throws java.lang.InterruptedException] has no parameters defined but was found to be using a data provider (either explicitly specified or inherited from class level annotation).&#10;Data provider mismatch&#10;Method: login([Parameter{index=0, type=java.lang.String, declaredAnnotations=[]}, Parameter{index=1, type=java.lang.String, declaredAnnotations=[]}, Parameter{index=2, type=int, declaredAnnotations=[]}, Parameter{index=3, type=int, declaredAnnotations=[]}])&#10;Arguments: [(java.lang.String) https://oscartechnologies.github.io/oscar-embedded-forms/public/test-component/hel-funnel.html?partner=OscarTest,(java.lang.String) 2 Blue Horizon Court, Caledon Village, ON, Canada,(java.lang.String) 50000,(java.lang.String) 12000]" type="org.testng.internal.reflect.MethodMatcherException">org.testng.internal.reflect.MethodMatcherException: 

[public void Test.E2E_Forms_HEL_Funnel.login(java.lang.String,java.lang.String,int,int) throws java.lang.InterruptedException] has no parameters defined but was found to be using a data provider (either explicitly specified or inherited from class level annotation).
Data provider mismatch
Method: login([Parameter{index=0, type=java.lang.String, declaredAnnotations=[]}, Parameter{index=1, type=java.lang.String, declaredAnnotations=[]}, Parameter{index=2, type=int, declaredAnnotations=[]}, Parameter{index=3, type=int, declaredAnnotations=[]}])
Arguments: [(java.lang.String) https://oscartechnologies.github.io/oscar-embedded-forms/public/test-component/hel-funnel.html?partner=OscarTest,(java.lang.String) 2 Blue Horizon Court, Caledon Village, ON, Canada,(java.lang.String) 50000,(java.lang.String) 12000]
</failure>
  </testcase>
  <testcase name="tearDown" classname="Test.E2E_Forms_HEL_Funnel" time="0">
    <skipped/>
  </testcase>
</testsuite>